<?xml version="1.0" encoding="UTF-8"?>
<!-- Generated by org.testng.reporters.JUnitReportReporter -->
<testsuite hostname="DESKTOP-3BU923C" failures="0" tests="1" name="auto_IT.FileuploadTest" time="11.536" errors="0" timestamp="2022-07-24T19:51:53 IST" skipped="0">
  <testcase classname="auto_IT.FileuploadTest" name="uploadFileTest" time="11.536"/>
  <system-out/>
</testsuite> <!-- auto_IT.FileuploadTest -->
