<?xml version="1.0" encoding="UTF-8"?>
<!-- Generated by org.testng.reporters.JUnitReportReporter -->
<testsuite hostname="DESKTOP-3BU923C" failures="0" tests="1" name="JDBC_Program.ExecuteQueryTest" time="0.790" errors="0" timestamp="2022-07-08T09:56:08 IST" skipped="0">
  <testcase classname="JDBC_Program.ExecuteQueryTest" name="ExecutequryTest" time="0.790"/>
  <system-out/>
</testsuite> <!-- JDBC_Program.ExecuteQueryTest -->
