<?xml version="1.0" encoding="UTF-8"?>
<!-- Generated by org.testng.reporters.JUnitReportReporter -->
<testsuite hostname="DESKTOP-3BU923C" failures="0" tests="2" name="Mylistener.ListenenrTest" time="25.117" errors="0" timestamp="2022-07-21T09:39:50 IST" skipped="0">
  <testcase classname="Mylistener.ListenenrTest" name="ListenerTest_1" time="17.361"/>
  <system-out/>
  <testcase classname="Mylistener.ListenenrTest" name="ListenerTest_2" time="7.756"/>
  <system-out/>
</testsuite> <!-- Mylistener.ListenenrTest -->
