<?xml version="1.0" encoding="UTF-8"?>
<!-- Generated by org.testng.reporters.JUnitReportReporter -->
<testsuite hostname="DESKTOP-3BU923C" failures="0" tests="4" name="Annotation.Annotation2" time="0.021" errors="0" timestamp="2022-07-19T12:33:47 IST" skipped="0">
  <testcase classname="Annotation.Annotation2" name="bun1" time="0.011"/>
  <system-out/>
  <testcase classname="Annotation.Annotation2" name="bun2" time="0.004"/>
  <system-out/>
  <testcase classname="Annotation.Annotation2" name="bun1" time="0.004"/>
  <system-out/>
  <testcase classname="Annotation.Annotation2" name="bun2" time="0.002"/>
  <system-out/>
</testsuite> <!-- Annotation.Annotation2 -->
