<?xml version="1.0" encoding="UTF-8"?>
<!-- Generated by org.testng.reporters.JUnitReportReporter -->
<testsuite hostname="DESKTOP-3BU923C" failures="0" tests="1" name="pass_fail_screenshot.Tctest1" time="0.008" errors="0" timestamp="2022-07-28T12:49:56 IST" skipped="0">
  <testcase classname="pass_fail_screenshot.Tctest1" name="jj" time="0.008"/>
  <system-out/>
</testsuite> <!-- pass_fail_screenshot.Tctest1 -->
