<?xml version="1.0" encoding="UTF-8"?>
<!-- Generated by org.testng.reporters.JUnitReportReporter -->
<testsuite hostname="DESKTOP-3BU923C" failures="0" tests="4" name="Annotation.AnnotationRun" time="0.011" errors="0" timestamp="2022-07-19T12:33:47 IST" skipped="0">
  <testcase classname="Annotation.AnnotationRun" name="run1" time="0.001"/>
  <system-out/>
  <testcase classname="Annotation.AnnotationRun" name="run1" time="0.004"/>
  <system-out/>
  <testcase classname="Annotation.AnnotationRun" name="run2" time="0.003"/>
  <system-out/>
  <testcase classname="Annotation.AnnotationRun" name="run2" time="0.003"/>
  <system-out/>
</testsuite> <!-- Annotation.AnnotationRun -->
