<?xml version="1.0" encoding="UTF-8"?>
<!-- Generated by org.testng.reporters.JUnitReportReporter -->
<testsuite hostname="DESKTOP-3BU923C" failures="0" tests="1" name="Assertion_.Assertion" time="0.016" errors="0" timestamp="2022-07-20T17:39:46 IST" skipped="0">
  <testcase classname="Assertion_.Assertion" name="AssertTest" time="0.016"/>
  <system-out/>
</testsuite> <!-- Assertion_.Assertion -->
