<?xml version="1.0" encoding="UTF-8"?>
<!-- Generated by org.testng.reporters.JUnitReportReporter -->
<testsuite hostname="DESKTOP-3BU923C" failures="0" tests="1" name="extent_Report.Create_Report" time="15.655" errors="0" timestamp="2022-07-08T13:22:06 IST" skipped="0">
  <testcase classname="extent_Report.Create_Report" name="createReport" time="15.655"/>
  <system-out/>
</testsuite> <!-- extent_Report.Create_Report -->
