<?xml version="1.0" encoding="UTF-8"?>
<!-- Generated by org.testng.reporters.JUnitReportReporter -->
<testsuite hostname="DESKTOP-3BU923C" failures="0" tests="1" name="JDBC_Program.ExecuteUpadateTest" time="0.221" errors="0" timestamp="2022-07-08T09:57:02 IST" skipped="0">
  <testcase classname="JDBC_Program.ExecuteUpadateTest" name="executeUpdateTest" time="0.221"/>
  <system-out/>
</testsuite> <!-- JDBC_Program.ExecuteUpadateTest -->
